{"numFailedTestSuites":0,"numFailedTests":0,"numPassedTestSuites":1,"numPassedTests":75,"numPendingTestSuites":0,"numPendingTests":0,"numRuntimeErrorTestSuites":0,"numTodoTests":0,"numTotalTestSuites":1,"numTotalTests":75,"openHandles":[],"snapshot":{"added":0,"didUpdate":false,"failure":false,"filesAdded":0,"filesRemoved":0,"filesRemovedList":[],"filesUnmatched":0,"filesUpdated":0,"matched":0,"total":0,"unchecked":0,"uncheckedKeysByFile":[],"unmatched":0,"updated":0},"startTime":1747983878903,"success":true,"testResults":[{"assertionResults":[{"ancestorTitles":["Structural | Routing | Routing"],"failureMessages":[],"fullName":"Structural | Routing | Routing renders BookAppointment component for \"/bookappointment\" route","location":null,"status":"passed","title":"renders BookAppointment component for \"/bookappointment\" route"},{"ancestorTitles":["Structural | Routing | Routing"],"failureMessages":[],"fullName":"Structural | Routing | Routing renders Home component for \"/home\" route","location":null,"status":"passed","title":"renders Home component for \"/home\" route"},{"ancestorTitles":["XStructural | Rendering | BookAppointment"],"failureMessages":[],"fullName":"XStructural | Rendering | BookAppointment renders without throwing an error","location":null,"status":"passed","title":"renders without throwing an error"},{"ancestorTitles":["Structural | Render | FieldType_BookAppointmen"],"failureMessages":[],"fullName":"Structural | Render | FieldType_BookAppointmen Verifying the type of patientName field","location":null,"status":"passed","title":"Verifying the type of patientName field"},{"ancestorTitles":["Structural | Render | FieldType_BookAppointmen"],"failureMessages":[],"fullName":"Structural | Render | FieldType_BookAppointmen Verifying the type of appointmentDate field","location":null,"status":"passed","title":"Verifying the type of appointmentDate field"},{"ancestorTitles":["Structural | Render | FieldType_BookAppointmen"],"failureMessages":[],"fullName":"Structural | Render | FieldType_BookAppointmen Verifying the type of age field","location":null,"status":"passed","title":"Verifying the type of age field"},{"ancestorTitles":["Structural | Render | FieldType_BookAppointmen"],"failureMessages":[],"fullName":"Structural | Render | FieldType_BookAppointmen Verifying the type contact number field","location":null,"status":"passed","title":"Verifying the type contact number field"},{"ancestorTitles":["Structural | Render | BookAppointmentComponent"],"failureMessages":[],"fullName":"Structural | Render | BookAppointmentComponent Verifying the structure of patientName field","location":null,"status":"passed","title":"Verifying the structure of patientName field"},{"ancestorTitles":["Structural | Render | BookAppointmentComponent"],"failureMessages":[],"fullName":"Structural | Render | BookAppointmentComponent Verifying the structure of appointmentDate field","location":null,"status":"passed","title":"Verifying the structure of appointmentDate field"},{"ancestorTitles":["Structural | Render | BookAppointmentComponent"],"failureMessages":[],"fullName":"Structural | Render | BookAppointmentComponent Verifying the structure of age field","location":null,"status":"passed","title":"Verifying the structure of age field"},{"ancestorTitles":["Structural | Render | BookAppointmentComponent"],"failureMessages":[],"fullName":"Structural | Render | BookAppointmentComponent Verifying the structure of contact number field","location":null,"status":"passed","title":"Verifying the structure of contact number field"},{"ancestorTitles":["Structural | Render | BookAppointmentComponent"],"failureMessages":[],"fullName":"Structural | Render | BookAppointmentComponent Verifying the structure of category field ","location":null,"status":"passed","title":"Verifying the structure of category field "},{"ancestorTitles":["Structural | Render | BookAppointmentComponent"],"failureMessages":[],"fullName":"Structural | Render | BookAppointmentComponent Verifying  the structure of button field","location":null,"status":"passed","title":"Verifying  the structure of button field"},{"ancestorTitles":["Structural | Render | Placeholders_BookAppointment"],"failureMessages":[],"fullName":"Structural | Render | Placeholders_BookAppointment Verifying the placeholder of patientName field","location":null,"status":"passed","title":"Verifying the placeholder of patientName field"},{"ancestorTitles":["Structural | Render | Placeholders_BookAppointment"],"failureMessages":[],"fullName":"Structural | Render | Placeholders_BookAppointment Verifying the placeholder of age field","location":null,"status":"passed","title":"Verifying the placeholder of age field"},{"ancestorTitles":["Structural | Render | Placeholders_BookAppointment"],"failureMessages":[],"fullName":"Structural | Render | Placeholders_BookAppointment Verifying the placeholder of contact number field","location":null,"status":"passed","title":"Verifying the placeholder of contact number field"},{"ancestorTitles":["Structural | Render | bootstrapClass_BookAppointment"],"failureMessages":[],"fullName":"Structural | Render | bootstrapClass_BookAppointment Verifying the form-control class of patientName field","location":null,"status":"passed","title":"Verifying the form-control class of patientName field"},{"ancestorTitles":["Structural | Render | bootstrapClass_BookAppointment"],"failureMessages":[],"fullName":"Structural | Render | bootstrapClass_BookAppointment Verifying the form-control class of age field","location":null,"status":"passed","title":"Verifying the form-control class of age field"},{"ancestorTitles":["Structural | Render | bootstrapClass_BookAppointment"],"failureMessages":[],"fullName":"Structural | Render | bootstrapClass_BookAppointment Verifying the form-control class of contact number field","location":null,"status":"passed","title":"Verifying the form-control class of contact number field"},{"ancestorTitles":["Structural | Render | bootstrapClass_BookAppointment"],"failureMessages":[],"fullName":"Structural | Render | bootstrapClass_BookAppointment Verifying the form-control class of category field","location":null,"status":"passed","title":"Verifying the form-control class of category field"},{"ancestorTitles":["Structural | Render | bootstrapClass_BookAppointment"],"failureMessages":[],"fullName":"Structural | Render | bootstrapClass_BookAppointment Verifying the form-control class of appoinmentDate field","location":null,"status":"passed","title":"Verifying the form-control class of appoinmentDate field"},{"ancestorTitles":["Structural | Render | bootstrapClass_BookAppointment"],"failureMessages":[],"fullName":"Structural | Render | bootstrapClass_BookAppointment Verifying the form-group class of patientName field","location":null,"status":"passed","title":"Verifying the form-group class of patientName field"},{"ancestorTitles":["Structural | Render | bootstrapClass_BookAppointment"],"failureMessages":[],"fullName":"Structural | Render | bootstrapClass_BookAppointment Verifying the form-group class of age field","location":null,"status":"passed","title":"Verifying the form-group class of age field"},{"ancestorTitles":["Structural | Render | bootstrapClass_BookAppointment"],"failureMessages":[],"fullName":"Structural | Render | bootstrapClass_BookAppointment Verifying the form-group class of contact number field","location":null,"status":"passed","title":"Verifying the form-group class of contact number field"},{"ancestorTitles":["Structural | Render | bootstrapClass_BookAppointment"],"failureMessages":[],"fullName":"Structural | Render | bootstrapClass_BookAppointment Verifying the form-group class of category field","location":null,"status":"passed","title":"Verifying the form-group class of category field"},{"ancestorTitles":["Structural | Render | bootstrapClass_BookAppointment"],"failureMessages":[],"fullName":"Structural | Render | bootstrapClass_BookAppointment Verifying the form-group class of appointmentDate field","location":null,"status":"passed","title":"Verifying the form-group class of appointmentDate field"},{"ancestorTitles":["Structural | Render | bootstrapClass_BookAppointment"],"failureMessages":[],"fullName":"Structural | Render | bootstrapClass_BookAppointment renders patientName error message when formErrors.patientNameError is true","location":null,"status":"passed","title":"renders patientName error message when formErrors.patientNameError is true"},{"ancestorTitles":["Structural | Render | bootstrapClass_BookAppointment"],"failureMessages":[],"fullName":"Structural | Render | bootstrapClass_BookAppointment Does not render patientName error message when formErrors.patientNameError is false","location":null,"status":"passed","title":"Does not render patientName error message when formErrors.patientNameError is false"},{"ancestorTitles":["Structural | Render | bootstrapClass_BookAppointment"],"failureMessages":[],"fullName":"Structural | Render | bootstrapClass_BookAppointment renders appointmentDate error message when formErrors.appointmentDateError is true","location":null,"status":"passed","title":"renders appointmentDate error message when formErrors.appointmentDateError is true"},{"ancestorTitles":["Structural | Render | bootstrapClass_BookAppointment"],"failureMessages":[],"fullName":"Structural | Render | bootstrapClass_BookAppointment Does not render appointmentDate error message when formErrors.appointmentDateError is false","location":null,"status":"passed","title":"Does not render appointmentDate error message when formErrors.appointmentDateError is false"},{"ancestorTitles":["Structural | Render | bootstrapClass_BookAppointment"],"failureMessages":[],"fullName":"Structural | Render | bootstrapClass_BookAppointment renders age error message when formErrors.ageError is true","location":null,"status":"passed","title":"renders age error message when formErrors.ageError is true"},{"ancestorTitles":["Structural | Render | bootstrapClass_BookAppointment"],"failureMessages":[],"fullName":"Structural | Render | bootstrapClass_BookAppointment Does not render age error message when formErrors.ageError is false","location":null,"status":"passed","title":"Does not render age error message when formErrors.ageError is false"},{"ancestorTitles":["Structural | Render | bootstrapClass_BookAppointment"],"failureMessages":[],"fullName":"Structural | Render | bootstrapClass_BookAppointment renders contactNumber error message when formErrors.contactNumberError is true","location":null,"status":"passed","title":"renders contactNumber error message when formErrors.contactNumberError is true"},{"ancestorTitles":["Structural | Render | bootstrapClass_BookAppointment"],"failureMessages":[],"fullName":"Structural | Render | bootstrapClass_BookAppointment Does not render contactNumber error message when formErrors.contactNumberError is false","location":null,"status":"passed","title":"Does not render contactNumber error message when formErrors.contactNumberError is false"},{"ancestorTitles":["Structural | Render | bootstrapClass_BookAppointment"],"failureMessages":[],"fullName":"Structural | Render | bootstrapClass_BookAppointment renders successMessage when successMessage is true","location":null,"status":"passed","title":"renders successMessage when successMessage is true"},{"ancestorTitles":["Structural | Render | bootstrapClass_BookAppointment"],"failureMessages":[],"fullName":"Structural | Render | bootstrapClass_BookAppointment Does not render success message when successMessage is not provided","location":null,"status":"passed","title":"Does not render success message when successMessage is not provided"},{"ancestorTitles":["Structural | Render | bootstrapClass_BookAppointment"],"failureMessages":[],"fullName":"Structural | Render | bootstrapClass_BookAppointment renders errorMessage when errorMessage is true","location":null,"status":"passed","title":"renders errorMessage when errorMessage is true"},{"ancestorTitles":["Structural | Render | bootstrapClass_BookAppointment"],"failureMessages":[],"fullName":"Structural | Render | bootstrapClass_BookAppointment Does not render errorMessage when errorMessage prop is not provided","location":null,"status":"passed","title":"Does not render errorMessage when errorMessage prop is not provided"},{"ancestorTitles":["Logical | Validator | EmptyFieldValidator"],"failureMessages":[],"fullName":"Logical | Validator | EmptyFieldValidator patientName field starts with an empty value","location":null,"status":"passed","title":"patientName field starts with an empty value"},{"ancestorTitles":["Logical | Validator | EmptyFieldValidator"],"failureMessages":[],"fullName":"Logical | Validator | EmptyFieldValidator appointmentDate field starts with an empty value","location":null,"status":"passed","title":"appointmentDate field starts with an empty value"},{"ancestorTitles":["Logical | Validator | EmptyFieldValidator"],"failureMessages":[],"fullName":"Logical | Validator | EmptyFieldValidator age field starts with an empty value","location":null,"status":"passed","title":"age field starts with an empty value"},{"ancestorTitles":["Logical | Validator | EmptyFieldValidator"],"failureMessages":[],"fullName":"Logical | Validator | EmptyFieldValidator contactNumber field starts with an empty value","location":null,"status":"passed","title":"contactNumber field starts with an empty value"},{"ancestorTitles":["Logical | Validator | button"],"failureMessages":[],"fullName":"Logical | Validator | button button field is disabled by default","location":null,"status":"passed","title":"button field is disabled by default"},{"ancestorTitles":["Logical | Validator | button"],"failureMessages":[],"fullName":"Logical | Validator | button button should be disabled if any is invalid","location":null,"status":"passed","title":"button should be disabled if any is invalid"},{"ancestorTitles":["Logical | Validator | button"],"failureMessages":[],"fullName":"Logical | Validator | button button should be disabled if any inputs is  invalid","location":null,"status":"passed","title":"button should be disabled if any inputs is  invalid"},{"ancestorTitles":["Logical | Validator | button"],"failureMessages":[],"fullName":"Logical | Validator | button button should be disabled if any inputs is  invalid","location":null,"status":"passed","title":"button should be disabled if any inputs is  invalid"},{"ancestorTitles":["Logical | Validator | button"],"failureMessages":[],"fullName":"Logical | Validator | button button should be disabled if any inputs is  invalid","location":null,"status":"passed","title":"button should be disabled if any inputs is  invalid"},{"ancestorTitles":["Logical | Validator | button"],"failureMessages":[],"fullName":"Logical | Validator | button button should be disabled if any inputs is  invalid","location":null,"status":"passed","title":"button should be disabled if any inputs is  invalid"},{"ancestorTitles":["Logical | Validator | button"],"failureMessages":[],"fullName":"Logical | Validator | button button should be disabled if any inputs is  invalid","location":null,"status":"passed","title":"button should be disabled if any inputs is  invalid"},{"ancestorTitles":["Logical | Validator | button"],"failureMessages":[],"fullName":"Logical | Validator | button button should be enabled if all inputs are  valid","location":null,"status":"passed","title":"button should be enabled if all inputs are  valid"},{"ancestorTitles":["Logical | Validator | populatingList"],"failureMessages":[],"fullName":"Logical | Validator | populatingList Verifying if dropdown is iterating over categoryList to create options","location":null,"status":"passed","title":"Verifying if dropdown is iterating over categoryList to create options"},{"ancestorTitles":["Logical | Validator | populatingList"],"failureMessages":[],"fullName":"Logical | Validator | populatingList make field has first option value as empty","location":null,"status":"passed","title":"make field has first option value as empty"},{"ancestorTitles":["Logical | Validator | populatingList"],"failureMessages":[],"fullName":"Logical | Validator | populatingList make field has first option as '--Select Category--'","location":null,"status":"passed","title":"make field has first option as '--Select Category--'"},{"ancestorTitles":["Logical | Validator | populatingList"],"failureMessages":[],"fullName":"Logical | Validator | populatingList Verifying length of the preferencesList ","location":null,"status":"passed","title":"Verifying length of the preferencesList "},{"ancestorTitles":["XLogical | Validator | populatingList"],"failureMessages":[],"fullName":"XLogical | Validator | populatingList Verifying length of the categoryList ","location":null,"status":"passed","title":"Verifying length of the categoryList "},{"ancestorTitles":["Logical | Validator | Display validation errors"],"failureMessages":[],"fullName":"Logical | Validator | Display validation errors Display validation errors for invalid input for patientName field","location":null,"status":"passed","title":"Display validation errors for invalid input for patientName field"},{"ancestorTitles":["Logical | Validator | Display validation errors"],"failureMessages":[],"fullName":"Logical | Validator | Display validation errors Display validation errors for invalid input for age field","location":null,"status":"passed","title":"Display validation errors for invalid input for age field"},{"ancestorTitles":["Logical | Validator | Display validation errors"],"failureMessages":[],"fullName":"Logical | Validator | Display validation errors Display validation errors for invalid input for appointmentDate field","location":null,"status":"passed","title":"Display validation errors for invalid input for appointmentDate field"},{"ancestorTitles":["Logical | Validator | Display validation errors"],"failureMessages":[],"fullName":"Logical | Validator | Display validation errors Display validation errors for invalid input for contactNumber field","location":null,"status":"passed","title":"Display validation errors for invalid input for contactNumber field"},{"ancestorTitles":["Logical | HandleChange | Testing onChange handler for input fields"],"failureMessages":[],"fullName":"Logical | HandleChange | Testing onChange handler for input fields handleChange function is called when patientName input value changes","location":null,"status":"passed","title":"handleChange function is called when patientName input value changes"},{"ancestorTitles":["Logical | HandleChange | Testing onChange handler for input fields"],"failureMessages":[],"fullName":"Logical | HandleChange | Testing onChange handler for input fields handleChange function is called when age input value changes","location":null,"status":"passed","title":"handleChange function is called when age input value changes"},{"ancestorTitles":["Logical | HandleChange | Testing onChange handler for input fields"],"failureMessages":[],"fullName":"Logical | HandleChange | Testing onChange handler for input fields handleChange function is called when appointmentDate input value changes","location":null,"status":"passed","title":"handleChange function is called when appointmentDate input value changes"},{"ancestorTitles":["Logical | HandleChange | Testing onChange handler for input fields"],"failureMessages":[],"fullName":"Logical | HandleChange | Testing onChange handler for input fields handleChange function is called when category input value changes","location":null,"status":"passed","title":"handleChange function is called when category input value changes"},{"ancestorTitles":["Logical | HandleChange | Testing onChange handler for input fields"],"failureMessages":[],"fullName":"Logical | HandleChange | Testing onChange handler for input fields handleChange function is called when contactNumber input value changes","location":null,"status":"passed","title":"handleChange function is called when contactNumber input value changes"},{"ancestorTitles":["Logical | HandleSubmit | FormSubmission"],"failureMessages":[],"fullName":"Logical | HandleSubmit | FormSubmission handleSubmit calls preventDefault function","location":null,"status":"passed","title":"handleSubmit calls preventDefault function"},{"ancestorTitles":["Logical | HandleSubmit | FormSubmission"],"failureMessages":[],"fullName":"Logical | HandleSubmit | FormSubmission handleSubmit function is called when form is submitted","location":null,"status":"passed","title":"handleSubmit function is called when form is submitted"},{"ancestorTitles":["Logical | Submit | Axios | BookAppointment"],"failureMessages":[],"fullName":"Logical | Submit | Axios | BookAppointment should display success message on successful bookAppointment","location":null,"status":"passed","title":"should display success message on successful bookAppointment"},{"ancestorTitles":["Logical | Submit | Axios | BookAppointment"],"failureMessages":[],"fullName":"Logical | Submit | Axios | BookAppointment should display error message on failed bookAppointment","location":null,"status":"passed","title":"should display error message on failed bookAppointment"},{"ancestorTitles":["Logical | HandleChange | Checking state variables"],"failureMessages":[],"fullName":"Logical | HandleChange | Checking state variables initial value of patientName state variable ","location":null,"status":"passed","title":"initial value of patientName state variable "},{"ancestorTitles":["Logical | HandleChange | Checking state variables"],"failureMessages":[],"fullName":"Logical | HandleChange | Checking state variables initial value of appointmentDate state variable ","location":null,"status":"passed","title":"initial value of appointmentDate state variable "},{"ancestorTitles":["Logical | HandleChange | Checking state variables"],"failureMessages":[],"fullName":"Logical | HandleChange | Checking state variables initial value of age state variable ","location":null,"status":"passed","title":"initial value of age state variable "},{"ancestorTitles":["Logical | HandleChange | Checking state variables"],"failureMessages":[],"fullName":"Logical | HandleChange | Checking state variables initial value of contactNumber state variable ","location":null,"status":"passed","title":"initial value of contactNumber state variable "},{"ancestorTitles":["Logical | HandleChange | Checking state variables"],"failureMessages":[],"fullName":"Logical | HandleChange | Checking state variables initial value of category state variable ","location":null,"status":"passed","title":"initial value of category state variable "},{"ancestorTitles":["validateForm"],"failureMessages":[],"fullName":"validateForm should return false when any required field is missing or invalid","location":null,"status":"passed","title":"should return false when any required field is missing or invalid"},{"ancestorTitles":["validateForm"],"failureMessages":[],"fullName":"validateForm should return true when all required fields are present and valid","location":null,"status":"passed","title":"should return true when all required fields are present and valid"}],"endTime":1747983883748,"message":"","name":"C:\\Users\\merlinshoerio.v\\Documents\\MERLIN\\REACT with Typescript\\React with Typescript - QPs\\React with Typescript QPs-new Pattern\\CareForYou_ReactTS_Artifacts_new(MOCK-SP)\\CareForYou_ReactTS_ET_SP\\src\\Tests\\Component.test.tsx","startTime":1747983880473,"status":"passed","summary":""}],"wasInterrupted":false}